VCD info: dumpfile alu_wave.vcd opened for output.
========================================
 GTKWave:
 Right click signal ->
 Data Format -> Signed Decimal
========================================

========================================
 ALU TESTBENCH
 WIDTH = 32
========================================

--- ADD ---
PASS [ADD basic] RESULT=25
PASS [ADD zero] RESULT=0
PASS [ADD overflow] RESULT=-2147483648

--- SUB ---
PASS [SUB basic] RESULT=15
PASS [SUB zero] RESULT=0
PASS [SUB negative] RESULT=-7
PASS [SUB overflow] RESULT=2147483647

--- AND ---
PASS [AND pattern] RESULT=-268374016
PASS [AND zero] RESULT=0

--- OR ---
PASS [OR combine] RESULT=-65536
PASS [OR zero] RESULT=0

--- XOR ---
PASS [XOR same] RESULT=0
PASS [XOR alternating] RESULT=-1

--- MUL LOW ---
PASS [MUL 6x7] RESULT=42
PASS [MUL by zero] RESULT=0
PASS [MUL neg*pos] RESULT=-12
PASS [MUL neg*neg] RESULT=25

--- DIV QUOTIENT ---
PASS [DIV 20/4] RESULT=5
PASS [DIV 7/2] RESULT=3
PASS [DIV -20/4] RESULT=-5
PASS [DIV by zero] RESULT=0

--- REMAINDER ---
PASS [REM 20%6] RESULT=2
PASS [REM -20%6] RESULT=-2

--- SLT ---
PASS [SLT 3<10] RESULT=1
PASS [SLT 10>=3] RESULT=0
PASS [SLT equal] RESULT=0
PASS [SLT -1<0] RESULT=1
PASS [SLT INT_MIN] RESULT=1

========================================
 TEST SUMMARY
 PASSED = 28
 FAILED = 0
========================================
.//alu_tb.v:376: $finish called at 290 (1s)
