#! /usr/bin/vvp
:ivl_version "12.0 (stable)";
:ivl_delay_selection "TYPICAL";
:vpi_time_precision + 0;
:vpi_module "/usr/lib/x86_64-linux-gnu/ivl/system.vpi";
:vpi_module "/usr/lib/x86_64-linux-gnu/ivl/vhdl_sys.vpi";
:vpi_module "/usr/lib/x86_64-linux-gnu/ivl/vhdl_textio.vpi";
:vpi_module "/usr/lib/x86_64-linux-gnu/ivl/v2005_math.vpi";
:vpi_module "/usr/lib/x86_64-linux-gnu/ivl/va_math.vpi";
S_0x57989bed95d0 .scope module, "alu_tb" "alu_tb" 2 1;
 .timescale 0 0;
P_0x57989bed4200 .param/l "ALU_WIDTH" 0 2 7, +C4<00000000000000000000000000000100>;
P_0x57989bed4240 .param/l "WIDTH" 0 2 6, +C4<00000000000000000000000000100000>;
L_0x57989bf16690 .functor BUFZ 32, v0x57989bf15b70_0, C4<00000000000000000000000000000000>, C4<00000000000000000000000000000000>, C4<00000000000000000000000000000000>;
L_0x57989bf167c0 .functor BUFZ 32, v0x57989bf15e10_0, C4<00000000000000000000000000000000>, C4<00000000000000000000000000000000>, C4<00000000000000000000000000000000>;
L_0x57989bf16910 .functor BUFZ 32, v0x57989bf153d0_0, C4<00000000000000000000000000000000>, C4<00000000000000000000000000000000>, C4<00000000000000000000000000000000>;
v0x57989bf15b70_0 .var "A", 31 0;
v0x57989bf15c50_0 .var "ALUControl", 3 0;
v0x57989bf15d40_0 .net/s "A_signed", 31 0, L_0x57989bf16690;  1 drivers
v0x57989bf15e10_0 .var "B", 31 0;
v0x57989bf15ed0_0 .net/s "B_signed", 31 0, L_0x57989bf167c0;  1 drivers
v0x57989bf15fb0_0 .net "carry", 0 0, L_0x57989bf27f30;  1 drivers
v0x57989bf16050_0 .net "divide_by_zero", 0 0, v0x57989bf11740_0;  1 drivers
v0x57989bf16140_0 .var/i "fail_count", 31 0;
v0x57989bf16200_0 .net "negative", 0 0, L_0x57989bf28040;  1 drivers
v0x57989bf162a0_0 .net "overflow", 0 0, L_0x57989bf29070;  1 drivers
v0x57989bf16370_0 .var/i "pass_count", 31 0;
v0x57989bf16410_0 .net "result", 31 0, v0x57989bf153d0_0;  1 drivers
v0x57989bf16500_0 .net/s "result_signed", 31 0, L_0x57989bf16910;  1 drivers
v0x57989bf165c0_0 .net "zero", 0 0, L_0x57989bf27b50;  1 drivers
S_0x57989be86a80 .scope task, "check" "check" 2 77, 2 77 0, S_0x57989bed95d0;
 .timescale 0 0;
v0x57989be96920_0 .var "exp_negative", 0 0;
v0x57989bf10750_0 .var "exp_overflow", 0 0;
v0x57989bf10810_0 .var "exp_result", 31 0;
v0x57989bf108d0_0 .var "exp_zero", 0 0;
v0x57989bf10990_0 .var "test_name", 127 0;
TD_alu_tb.check ;
    %delay 5, 0;
    %load/vec4 v0x57989bf16410_0;
    %load/vec4 v0x57989bf10810_0;
    %cmp/ne;
    %jmp/1 T_0.4, 6;
    %flag_mov 8, 6;
    %load/vec4 v0x57989bf165c0_0;
    %load/vec4 v0x57989bf108d0_0;
    %cmp/ne;
    %flag_or 6, 8;
T_0.4;
    %jmp/1 T_0.3, 6;
    %flag_mov 8, 6;
    %load/vec4 v0x57989bf16200_0;
    %load/vec4 v0x57989be96920_0;
    %cmp/ne;
    %flag_or 6, 8;
T_0.3;
    %jmp/1 T_0.2, 6;
    %flag_mov 8, 6;
    %load/vec4 v0x57989bf162a0_0;
    %load/vec4 v0x57989bf10750_0;
    %cmp/ne;
    %flag_or 6, 8;
T_0.2;
    %jmp/0xz  T_0.0, 6;
    %vpi_call 2 92 "$display", "FAIL [%0s]", v0x57989bf10990_0 {0 0 0};
    %load/vec4 v0x57989bf15b70_0;
    %vpi_call 2 93 "$display", "  A        = %0d", S<0,vec4,s32> {1 0 0};
    %load/vec4 v0x57989bf15e10_0;
    %vpi_call 2 94 "$display", "  B        = %0d", S<0,vec4,s32> {1 0 0};
    %vpi_call 2 95 "$display", "  CTRL     = %b", v0x57989bf15c50_0 {0 0 0};
    %load/vec4 v0x57989bf16410_0;
    %load/vec4 v0x57989bf10810_0;
    %vpi_call 2 97 "$display", "  RESULT   = %0d (exp %0d)", S<1,vec4,s32>, S<0,vec4,s32> {2 0 0};
    %vpi_call 2 101 "$display", "  ZERO     = %b (exp %b)", v0x57989bf165c0_0, v0x57989bf108d0_0 {0 0 0};
    %vpi_call 2 104 "$display", "  NEGATIVE = %b (exp %b)", v0x57989bf16200_0, v0x57989be96920_0 {0 0 0};
    %vpi_call 2 107 "$display", "  OVERFLOW = %b (exp %b)", v0x57989bf162a0_0, v0x57989bf10750_0 {0 0 0};
    %load/vec4 v0x57989bf16140_0;
    %addi 1, 0, 32;
    %store/vec4 v0x57989bf16140_0, 0, 32;
    %jmp T_0.1;
T_0.0 ;
    %load/vec4 v0x57989bf16410_0;
    %vpi_call 2 114 "$display", "PASS [%0s] RESULT=%0d", v0x57989bf10990_0, S<0,vec4,s32> {1 0 0};
    %load/vec4 v0x57989bf16370_0;
    %addi 1, 0, 32;
    %store/vec4 v0x57989bf16370_0, 0, 32;
T_0.1 ;
    %delay 5, 0;
    %end;
S_0x57989be86410 .scope task, "check_div" "check_div" 2 128, 2 128 0, S_0x57989bed95d0;
 .timescale 0 0;
v0x57989bf10ae0_0 .var "exp_dbz", 0 0;
v0x57989bf10ba0_0 .var "exp_result", 31 0;
v0x57989bf10c80_0 .var "test_name", 127 0;
TD_alu_tb.check_div ;
    %delay 5, 0;
    %load/vec4 v0x57989bf16410_0;
    %load/vec4 v0x57989bf10ba0_0;
    %cmp/ne;
    %jmp/1 T_1.7, 6;
    %flag_mov 8, 6;
    %load/vec4 v0x57989bf16050_0;
    %load/vec4 v0x57989bf10ae0_0;
    %cmp/ne;
    %flag_or 6, 8;
T_1.7;
    %jmp/0xz  T_1.5, 6;
    %vpi_call 2 139 "$display", "FAIL [%0s]", v0x57989bf10c80_0 {0 0 0};
    %load/vec4 v0x57989bf15b70_0;
    %vpi_call 2 141 "$display", "  A      = %0d", S<0,vec4,s32> {1 0 0};
    %load/vec4 v0x57989bf15e10_0;
    %vpi_call 2 142 "$display", "  B      = %0d", S<0,vec4,s32> {1 0 0};
    %vpi_call 2 143 "$display", "  CTRL   = %b", v0x57989bf15c50_0 {0 0 0};
    %load/vec4 v0x57989bf16410_0;
    %load/vec4 v0x57989bf10ba0_0;
    %vpi_call 2 145 "$display", "  RESULT = %0d (exp %0d)", S<1,vec4,s32>, S<0,vec4,s32> {2 0 0};
    %vpi_call 2 149 "$display", "  DBZ    = %b (exp %b)", v0x57989bf16050_0, v0x57989bf10ae0_0 {0 0 0};
    %load/vec4 v0x57989bf16140_0;
    %addi 1, 0, 32;
    %store/vec4 v0x57989bf16140_0, 0, 32;
    %jmp T_1.6;
T_1.5 ;
    %load/vec4 v0x57989bf16410_0;
    %vpi_call 2 157 "$display", "PASS [%0s] RESULT=%0d", v0x57989bf10c80_0, S<0,vec4,s32> {1 0 0};
    %load/vec4 v0x57989bf16370_0;
    %addi 1, 0, 32;
    %store/vec4 v0x57989bf16370_0, 0, 32;
T_1.6 ;
    %delay 5, 0;
    %end;
S_0x57989be86760 .scope module, "dut" "alu" 2 42, 3 5 0, S_0x57989bed95d0;
 .timescale 0 0;
    .port_info 0 /INPUT 32 "A";
    .port_info 1 /INPUT 32 "B";
    .port_info 2 /INPUT 4 "ALUControl";
    .port_info 3 /OUTPUT 32 "result";
    .port_info 4 /OUTPUT 1 "carry";
    .port_info 5 /OUTPUT 1 "zero";
    .port_info 6 /OUTPUT 1 "overflow";
    .port_info 7 /OUTPUT 1 "negative";
    .port_info 8 /OUTPUT 1 "divide_by_zero";
P_0x57989bef36e0 .param/l "ALU_WIDTH" 0 3 7, +C4<00000000000000000000000000000100>;
P_0x57989bef3720 .param/l "WIDTH" 0 3 6, +C4<00000000000000000000000000100000>;
L_0x57989bf16a50 .functor NOT 32, v0x57989bf15e10_0, C4<00000000000000000000000000000000>, C4<00000000000000000000000000000000>, C4<00000000000000000000000000000000>;
L_0x57989bf17110 .functor XOR 1, L_0x57989bf27600, L_0x57989bf29070, C4<0>, C4<0>;
L_0x57989bf27e90 .functor NOT 1, L_0x57989bf27cd0, C4<0>, C4<0>, C4<0>;
L_0x57989bf27f30 .functor AND 1, L_0x57989bf16be0, L_0x57989bf27e90, C4<1>, C4<1>;
L_0x57989bf28270 .functor NOT 1, L_0x57989bf28130, C4<0>, C4<0>, C4<0>;
L_0x57989bf28410 .functor NOT 1, L_0x57989bf28370, C4<0>, C4<0>, C4<0>;
L_0x57989bf284d0 .functor AND 1, L_0x57989bf28270, L_0x57989bf28410, C4<1>, C4<1>;
L_0x57989bf28780 .functor XOR 1, L_0x57989bf28630, L_0x57989bf281d0, C4<0>, C4<0>;
L_0x57989bf28890 .functor AND 1, L_0x57989bf284d0, L_0x57989bf28780, C4<1>, C4<1>;
L_0x57989bf28c00 .functor XOR 1, L_0x57989bf28a00, L_0x57989bf28b60, C4<0>, C4<0>;
L_0x57989bf28e30 .functor XOR 1, L_0x57989bf28c00, L_0x57989bf28cc0, C4<0>, C4<0>;
L_0x57989bf28fb0 .functor NOT 1, L_0x57989bf28e30, C4<0>, C4<0>, C4<0>;
L_0x57989bf29070 .functor AND 1, L_0x57989bf28890, L_0x57989bf28fb0, C4<1>, C4<1>;
v0x57989bf12f40_0 .net "A", 31 0, v0x57989bf15b70_0;  1 drivers
v0x57989bf13000_0 .net "ALUControl", 3 0, v0x57989bf15c50_0;  1 drivers
v0x57989bf130e0_0 .net "B", 31 0, v0x57989bf15e10_0;  1 drivers
v0x57989bf131d0_0 .net "B_mux", 31 0, L_0x57989bf16ac0;  1 drivers
v0x57989bf132b0_0 .net *"_ivl_1", 0 0, L_0x57989bf169b0;  1 drivers
L_0x7abaaf129018 .functor BUFT 1, C4<0>, C4<0>, C4<0>, C4<0>;
v0x57989bf133e0_0 .net *"_ivl_12", 0 0, L_0x7abaaf129018;  1 drivers
v0x57989bf134c0_0 .net *"_ivl_13", 32 0, L_0x57989bf16ef0;  1 drivers
L_0x7abaaf129060 .functor BUFT 1, C4<0>, C4<0>, C4<0>, C4<0>;
v0x57989bf135a0_0 .net *"_ivl_16", 0 0, L_0x7abaaf129060;  1 drivers
v0x57989bf13680_0 .net *"_ivl_17", 32 0, L_0x57989bf17070;  1 drivers
v0x57989bf137f0_0 .net *"_ivl_2", 31 0, L_0x57989bf16a50;  1 drivers
v0x57989bf138d0_0 .net *"_ivl_20", 0 0, L_0x57989bf17220;  1 drivers
v0x57989bf139b0_0 .net *"_ivl_21", 32 0, L_0x57989bf17310;  1 drivers
L_0x7abaaf1290a8 .functor BUFT 1, C4<00000000000000000000000000000000>, C4<0>, C4<0>, C4<0>;
v0x57989bf13a90_0 .net *"_ivl_24", 31 0, L_0x7abaaf1290a8;  1 drivers
v0x57989bf13b70_0 .net *"_ivl_25", 32 0, L_0x57989bf27460;  1 drivers
v0x57989bf13c50_0 .net *"_ivl_28", 0 0, L_0x57989bf27600;  1 drivers
L_0x7abaaf1290f0 .functor BUFT 1, C4<0000000000000000000000000000000>, C4<0>, C4<0>, C4<0>;
v0x57989bf13d30_0 .net/2u *"_ivl_31", 30 0, L_0x7abaaf1290f0;  1 drivers
v0x57989bf13e10_0 .net *"_ivl_46", 0 0, L_0x57989bf27cd0;  1 drivers
v0x57989bf13ef0_0 .net *"_ivl_47", 0 0, L_0x57989bf27e90;  1 drivers
v0x57989bf13fd0_0 .net *"_ivl_54", 0 0, L_0x57989bf28130;  1 drivers
v0x57989bf140b0_0 .net *"_ivl_55", 0 0, L_0x57989bf28270;  1 drivers
v0x57989bf14190_0 .net *"_ivl_58", 0 0, L_0x57989bf28370;  1 drivers
v0x57989bf14270_0 .net *"_ivl_59", 0 0, L_0x57989bf28410;  1 drivers
v0x57989bf14350_0 .net *"_ivl_61", 0 0, L_0x57989bf284d0;  1 drivers
v0x57989bf14430_0 .net *"_ivl_64", 0 0, L_0x57989bf28630;  1 drivers
v0x57989bf14510_0 .net *"_ivl_66", 0 0, L_0x57989bf281d0;  1 drivers
v0x57989bf145f0_0 .net *"_ivl_67", 0 0, L_0x57989bf28780;  1 drivers
v0x57989bf146d0_0 .net *"_ivl_69", 0 0, L_0x57989bf28890;  1 drivers
v0x57989bf147b0_0 .net *"_ivl_72", 0 0, L_0x57989bf28a00;  1 drivers
v0x57989bf14890_0 .net *"_ivl_74", 0 0, L_0x57989bf28b60;  1 drivers
v0x57989bf14970_0 .net *"_ivl_75", 0 0, L_0x57989bf28c00;  1 drivers
v0x57989bf14a50_0 .net *"_ivl_78", 0 0, L_0x57989bf28cc0;  1 drivers
v0x57989bf14b30_0 .net *"_ivl_79", 0 0, L_0x57989bf28e30;  1 drivers
v0x57989bf14c10_0 .net *"_ivl_81", 0 0, L_0x57989bf28fb0;  1 drivers
v0x57989bf14cf0_0 .net *"_ivl_9", 32 0, L_0x57989bf16dd0;  1 drivers
v0x57989bf14dd0_0 .net "carry", 0 0, L_0x57989bf27f30;  alias, 1 drivers
v0x57989bf14e90_0 .net "cout", 0 0, L_0x57989bf16be0;  1 drivers
v0x57989bf14f50_0 .net "div_quotient", 31 0, v0x57989bf11e30_0;  1 drivers
v0x57989bf15010_0 .net "div_remainder", 31 0, v0x57989bf11fd0_0;  1 drivers
v0x57989bf150b0_0 .net "divide_by_zero", 0 0, v0x57989bf11740_0;  alias, 1 drivers
v0x57989bf15180_0 .net "mul_full", 63 0, v0x57989bf12d20_0;  1 drivers
v0x57989bf15250_0 .net "mul_result_high", 31 0, L_0x57989bf279e0;  1 drivers
v0x57989bf152f0_0 .net "mul_result_low", 31 0, L_0x57989bf278f0;  1 drivers
v0x57989bf153d0_0 .var "mux_out", 31 0;
v0x57989bf154b0_0 .net "negative", 0 0, L_0x57989bf28040;  alias, 1 drivers
v0x57989bf15570_0 .net "overflow", 0 0, L_0x57989bf29070;  alias, 1 drivers
v0x57989bf15630_0 .net "result", 31 0, v0x57989bf153d0_0;  alias, 1 drivers
v0x57989bf15710_0 .net "slt_bit", 0 0, L_0x57989bf17110;  1 drivers
v0x57989bf157d0_0 .net "slt_result", 31 0, L_0x57989bf27740;  1 drivers
v0x57989bf158b0_0 .net "sum", 31 0, L_0x57989bf16c80;  1 drivers
v0x57989bf15990_0 .net "zero", 0 0, L_0x57989bf27b50;  alias, 1 drivers
E_0x57989be8e190/0 .event anyedge, v0x57989bf13000_0, v0x57989bf158b0_0, v0x57989bf11800_0, v0x57989bf11ad0_0;
E_0x57989be8e190/1 .event anyedge, v0x57989bf152f0_0, v0x57989bf15250_0, v0x57989bf11e30_0, v0x57989bf11fd0_0;
E_0x57989be8e190/2 .event anyedge, v0x57989bf157d0_0;
E_0x57989be8e190 .event/or E_0x57989be8e190/0, E_0x57989be8e190/1, E_0x57989be8e190/2;
L_0x57989bf169b0 .part v0x57989bf15c50_0, 0, 1;
L_0x57989bf16ac0 .functor MUXZ 32, v0x57989bf15e10_0, L_0x57989bf16a50, L_0x57989bf169b0, C4<>;
L_0x57989bf16be0 .part L_0x57989bf27460, 32, 1;
L_0x57989bf16c80 .part L_0x57989bf27460, 0, 32;
L_0x57989bf16dd0 .concat [ 32 1 0 0], v0x57989bf15b70_0, L_0x7abaaf129018;
L_0x57989bf16ef0 .concat [ 32 1 0 0], L_0x57989bf16ac0, L_0x7abaaf129060;
L_0x57989bf17070 .arith/sum 33, L_0x57989bf16dd0, L_0x57989bf16ef0;
L_0x57989bf17220 .part v0x57989bf15c50_0, 0, 1;
L_0x57989bf17310 .concat [ 1 32 0 0], L_0x57989bf17220, L_0x7abaaf1290a8;
L_0x57989bf27460 .arith/sum 33, L_0x57989bf17070, L_0x57989bf17310;
L_0x57989bf27600 .part L_0x57989bf16c80, 31, 1;
L_0x57989bf27740 .concat [ 1 31 0 0], L_0x57989bf17110, L_0x7abaaf1290f0;
L_0x57989bf278f0 .part v0x57989bf12d20_0, 0, 32;
L_0x57989bf279e0 .part v0x57989bf12d20_0, 32, 32;
L_0x57989bf27b50 .reduce/nor v0x57989bf153d0_0;
L_0x57989bf27cd0 .part v0x57989bf15c50_0, 1, 1;
L_0x57989bf28040 .part v0x57989bf153d0_0, 31, 1;
L_0x57989bf28130 .part v0x57989bf15c50_0, 2, 1;
L_0x57989bf28370 .part v0x57989bf15c50_0, 1, 1;
L_0x57989bf28630 .part L_0x57989bf16c80, 31, 1;
L_0x57989bf281d0 .part v0x57989bf15b70_0, 31, 1;
L_0x57989bf28a00 .part v0x57989bf15c50_0, 0, 1;
L_0x57989bf28b60 .part v0x57989bf15b70_0, 31, 1;
L_0x57989bf28cc0 .part v0x57989bf15e10_0, 31, 1;
S_0x57989bf11070 .scope module, "u_div" "non_restoring_divider_comb" 3 73, 3 189 0, S_0x57989be86760;
 .timescale 0 0;
    .port_info 0 /INPUT 32 "dividend";
    .port_info 1 /INPUT 32 "divisor";
    .port_info 2 /INPUT 1 "signed_mode";
    .port_info 3 /OUTPUT 32 "quotient";
    .port_info 4 /OUTPUT 32 "remainder";
    .port_info 5 /OUTPUT 1 "divide_by_zero";
P_0x57989bf11270 .param/l "WIDTH" 0 3 190, +C4<00000000000000000000000000100000>;
v0x57989bf11470_0 .var "A", 32 0;
v0x57989bf11570_0 .var "M", 31 0;
v0x57989bf11650_0 .var "Q", 31 0;
v0x57989bf11740_0 .var "divide_by_zero", 0 0;
v0x57989bf11800_0 .net "dividend", 31 0, v0x57989bf15b70_0;  alias, 1 drivers
v0x57989bf11930_0 .var "dividend_abs", 31 0;
v0x57989bf11a10_0 .var "dividend_sign", 0 0;
v0x57989bf11ad0_0 .net "divisor", 31 0, v0x57989bf15e10_0;  alias, 1 drivers
v0x57989bf11bb0_0 .var "divisor_abs", 31 0;
v0x57989bf11c90_0 .var "divisor_sign", 0 0;
v0x57989bf11d50_0 .var/i "i", 31 0;
v0x57989bf11e30_0 .var "quotient", 31 0;
v0x57989bf11f10_0 .var "quotient_sign", 0 0;
v0x57989bf11fd0_0 .var "remainder", 31 0;
v0x57989bf120b0_0 .var "remainder_sign", 0 0;
L_0x7abaaf129138 .functor BUFT 1, C4<1>, C4<0>, C4<0>, C4<0>;
v0x57989bf12170_0 .net "signed_mode", 0 0, L_0x7abaaf129138;  1 drivers
v0x57989bf12230_0 .var "tempA", 32 0;
E_0x57989be8d3b0/0 .event anyedge, v0x57989bf11ad0_0, v0x57989bf12170_0, v0x57989bf11800_0, v0x57989bf11a10_0;
E_0x57989be8d3b0/1 .event anyedge, v0x57989bf11c90_0, v0x57989bf11930_0, v0x57989bf11bb0_0, v0x57989bf11470_0;
E_0x57989be8d3b0/2 .event anyedge, v0x57989bf11650_0, v0x57989bf11570_0, v0x57989bf12230_0, v0x57989bf11f10_0;
E_0x57989be8d3b0/3 .event anyedge, v0x57989bf120b0_0;
E_0x57989be8d3b0 .event/or E_0x57989be8d3b0/0, E_0x57989be8d3b0/1, E_0x57989be8d3b0/2, E_0x57989be8d3b0/3;
S_0x57989bf123d0 .scope module, "u_mul" "booth_multiplier" 3 52, 3 134 0, S_0x57989be86760;
 .timescale 0 0;
    .port_info 0 /INPUT 32 "multiplicand";
    .port_info 1 /INPUT 32 "multiplier";
    .port_info 2 /OUTPUT 64 "product";
P_0x57989bf12580 .param/l "N" 0 3 135, +C4<00000000000000000000000000100000>;
v0x57989bf126d0_0 .var/s "A", 32 0;
v0x57989bf127d0_0 .var/s "M", 31 0;
v0x57989bf128b0_0 .var "Q", 31 0;
v0x57989bf129a0_0 .var "Q_1", 0 0;
v0x57989bf12a60_0 .var/i "i", 31 0;
v0x57989bf12b90_0 .net/s "multiplicand", 31 0, v0x57989bf15b70_0;  alias, 1 drivers
v0x57989bf12c50_0 .net/s "multiplier", 31 0, v0x57989bf15e10_0;  alias, 1 drivers
v0x57989bf12d20_0 .var/s "product", 63 0;
v0x57989bf12de0_0 .var/s "temp", 65 0;
E_0x57989be8ea70/0 .event anyedge, v0x57989bf11800_0, v0x57989bf11ad0_0, v0x57989bf128b0_0, v0x57989bf129a0_0;
E_0x57989be8ea70/1 .event anyedge, v0x57989bf126d0_0, v0x57989bf127d0_0, v0x57989bf12de0_0;
E_0x57989be8ea70 .event/or E_0x57989be8ea70/0, E_0x57989be8ea70/1;
    .scope S_0x57989bf123d0;
T_2 ;
    %wait E_0x57989be8ea70;
    %load/vec4 v0x57989bf12b90_0;
    %parti/s 1, 31, 6;
    %concati/vec4 0, 0, 32;
    %store/vec4 v0x57989bf126d0_0, 0, 33;
    %load/vec4 v0x57989bf12c50_0;
    %store/vec4 v0x57989bf128b0_0, 0, 32;
    %load/vec4 v0x57989bf12b90_0;
    %store/vec4 v0x57989bf127d0_0, 0, 32;
    %pushi/vec4 0, 0, 1;
    %store/vec4 v0x57989bf129a0_0, 0, 1;
    %pushi/vec4 0, 0, 32;
    %store/vec4 v0x57989bf12a60_0, 0, 32;
T_2.0 ;
    %load/vec4 v0x57989bf12a60_0;
    %cmpi/s 32, 0, 32;
    %jmp/0xz T_2.1, 5;
    %load/vec4 v0x57989bf128b0_0;
    %parti/s 1, 0, 2;
    %load/vec4 v0x57989bf129a0_0;
    %concat/vec4; draw_concat_vec4
    %dup/vec4;
    %pushi/vec4 1, 0, 2;
    %cmp/u;
    %jmp/1 T_2.2, 6;
    %dup/vec4;
    %pushi/vec4 2, 0, 2;
    %cmp/u;
    %jmp/1 T_2.3, 6;
    %jmp T_2.5;
T_2.2 ;
    %load/vec4 v0x57989bf126d0_0;
    %load/vec4 v0x57989bf127d0_0;
    %parti/s 1, 31, 6;
    %load/vec4 v0x57989bf127d0_0;
    %concat/vec4; draw_concat_vec4
    %add;
    %store/vec4 v0x57989bf126d0_0, 0, 33;
    %jmp T_2.5;
T_2.3 ;
    %load/vec4 v0x57989bf126d0_0;
    %load/vec4 v0x57989bf127d0_0;
    %parti/s 1, 31, 6;
    %load/vec4 v0x57989bf127d0_0;
    %concat/vec4; draw_concat_vec4
    %sub;
    %store/vec4 v0x57989bf126d0_0, 0, 33;
    %jmp T_2.5;
T_2.5 ;
    %pop/vec4 1;
    %load/vec4 v0x57989bf126d0_0;
    %load/vec4 v0x57989bf128b0_0;
    %concat/vec4; draw_concat_vec4
    %load/vec4 v0x57989bf129a0_0;
    %concat/vec4; draw_concat_vec4
    %ix/load 4, 1, 0;
    %flag_set/imm 4, 0;
    %shiftr/s 4;
    %store/vec4 v0x57989bf12de0_0, 0, 66;
    %load/vec4 v0x57989bf12de0_0;
    %parti/s 33, 33, 7;
    %store/vec4 v0x57989bf126d0_0, 0, 33;
    %load/vec4 v0x57989bf12de0_0;
    %parti/s 32, 1, 2;
    %store/vec4 v0x57989bf128b0_0, 0, 32;
    %load/vec4 v0x57989bf12de0_0;
    %parti/s 1, 0, 2;
    %store/vec4 v0x57989bf129a0_0, 0, 1;
    %load/vec4 v0x57989bf12a60_0;
    %addi 1, 0, 32;
    %store/vec4 v0x57989bf12a60_0, 0, 32;
    %jmp T_2.0;
T_2.1 ;
    %load/vec4 v0x57989bf126d0_0;
    %parti/s 32, 0, 2;
    %load/vec4 v0x57989bf128b0_0;
    %concat/vec4; draw_concat_vec4
    %store/vec4 v0x57989bf12d20_0, 0, 64;
    %jmp T_2;
    .thread T_2, $push;
    .scope S_0x57989bf11070;
T_3 ;
    %wait E_0x57989be8d3b0;
    %pushi/vec4 0, 0, 32;
    %store/vec4 v0x57989bf11e30_0, 0, 32;
    %pushi/vec4 0, 0, 32;
    %store/vec4 v0x57989bf11fd0_0, 0, 32;
    %pushi/vec4 0, 0, 1;
    %store/vec4 v0x57989bf11740_0, 0, 1;
    %load/vec4 v0x57989bf11ad0_0;
    %cmpi/e 0, 0, 32;
    %jmp/0xz  T_3.0, 4;
    %pushi/vec4 1, 0, 1;
    %store/vec4 v0x57989bf11740_0, 0, 1;
    %jmp T_3.1;
T_3.0 ;
    %load/vec4 v0x57989bf12170_0;
    %load/vec4 v0x57989bf11800_0;
    %parti/s 1, 31, 6;
    %and;
    %store/vec4 v0x57989bf11a10_0, 0, 1;
    %load/vec4 v0x57989bf12170_0;
    %load/vec4 v0x57989bf11ad0_0;
    %parti/s 1, 31, 6;
    %and;
    %store/vec4 v0x57989bf11c90_0, 0, 1;
    %load/vec4 v0x57989bf11a10_0;
    %flag_set/vec4 8;
    %jmp/0 T_3.2, 8;
    %load/vec4 v0x57989bf11800_0;
    %inv;
    %addi 1, 0, 32;
    %jmp/1 T_3.3, 8;
T_3.2 ; End of true expr.
    %load/vec4 v0x57989bf11800_0;
    %jmp/0 T_3.3, 8;
 ; End of false expr.
    %blend;
T_3.3;
    %store/vec4 v0x57989bf11930_0, 0, 32;
    %load/vec4 v0x57989bf11c90_0;
    %flag_set/vec4 8;
    %jmp/0 T_3.4, 8;
    %load/vec4 v0x57989bf11ad0_0;
    %inv;
    %addi 1, 0, 32;
    %jmp/1 T_3.5, 8;
T_3.4 ; End of true expr.
    %load/vec4 v0x57989bf11ad0_0;
    %jmp/0 T_3.5, 8;
 ; End of false expr.
    %blend;
T_3.5;
    %store/vec4 v0x57989bf11bb0_0, 0, 32;
    %load/vec4 v0x57989bf11a10_0;
    %load/vec4 v0x57989bf11c90_0;
    %xor;
    %store/vec4 v0x57989bf11f10_0, 0, 1;
    %load/vec4 v0x57989bf11a10_0;
    %store/vec4 v0x57989bf120b0_0, 0, 1;
    %pushi/vec4 0, 0, 33;
    %store/vec4 v0x57989bf11470_0, 0, 33;
    %load/vec4 v0x57989bf11930_0;
    %store/vec4 v0x57989bf11650_0, 0, 32;
    %load/vec4 v0x57989bf11bb0_0;
    %store/vec4 v0x57989bf11570_0, 0, 32;
    %pushi/vec4 0, 0, 32;
    %store/vec4 v0x57989bf11d50_0, 0, 32;
T_3.6 ;
    %load/vec4 v0x57989bf11d50_0;
    %cmpi/s 32, 0, 32;
    %jmp/0xz T_3.7, 5;
    %load/vec4 v0x57989bf11470_0;
    %parti/s 32, 0, 2;
    %load/vec4 v0x57989bf11650_0;
    %parti/s 1, 31, 6;
    %concat/vec4; draw_concat_vec4
    %store/vec4 v0x57989bf11470_0, 0, 33;
    %load/vec4 v0x57989bf11650_0;
    %parti/s 31, 0, 2;
    %concati/vec4 0, 0, 1;
    %store/vec4 v0x57989bf11650_0, 0, 32;
    %load/vec4 v0x57989bf11470_0;
    %parti/s 1, 32, 7;
    %pad/u 32;
    %cmpi/e 0, 0, 32;
    %jmp/0xz  T_3.8, 4;
    %load/vec4 v0x57989bf11470_0;
    %pushi/vec4 0, 0, 1;
    %load/vec4 v0x57989bf11570_0;
    %concat/vec4; draw_concat_vec4
    %sub;
    %store/vec4 v0x57989bf12230_0, 0, 33;
    %jmp T_3.9;
T_3.8 ;
    %load/vec4 v0x57989bf11470_0;
    %pushi/vec4 0, 0, 1;
    %load/vec4 v0x57989bf11570_0;
    %concat/vec4; draw_concat_vec4
    %add;
    %store/vec4 v0x57989bf12230_0, 0, 33;
T_3.9 ;
    %load/vec4 v0x57989bf12230_0;
    %parti/s 1, 32, 7;
    %pad/u 32;
    %pushi/vec4 0, 0, 32;
    %cmp/e;
    %flag_get/vec4 4;
    %ix/load 4, 0, 0;
    %flag_set/imm 4, 0;
    %store/vec4 v0x57989bf11650_0, 4, 1;
    %load/vec4 v0x57989bf12230_0;
    %store/vec4 v0x57989bf11470_0, 0, 33;
    %load/vec4 v0x57989bf11d50_0;
    %addi 1, 0, 32;
    %store/vec4 v0x57989bf11d50_0, 0, 32;
    %jmp T_3.6;
T_3.7 ;
    %load/vec4 v0x57989bf11470_0;
    %parti/s 1, 32, 7;
    %pad/u 32;
    %cmpi/e 1, 0, 32;
    %jmp/0xz  T_3.10, 4;
    %load/vec4 v0x57989bf11470_0;
    %pushi/vec4 0, 0, 1;
    %load/vec4 v0x57989bf11570_0;
    %concat/vec4; draw_concat_vec4
    %add;
    %store/vec4 v0x57989bf11470_0, 0, 33;
T_3.10 ;
    %load/vec4 v0x57989bf11f10_0;
    %flag_set/vec4 8;
    %jmp/0 T_3.12, 8;
    %load/vec4 v0x57989bf11650_0;
    %inv;
    %addi 1, 0, 32;
    %jmp/1 T_3.13, 8;
T_3.12 ; End of true expr.
    %load/vec4 v0x57989bf11650_0;
    %jmp/0 T_3.13, 8;
 ; End of false expr.
    %blend;
T_3.13;
    %store/vec4 v0x57989bf11e30_0, 0, 32;
    %load/vec4 v0x57989bf120b0_0;
    %flag_set/vec4 8;
    %jmp/0 T_3.14, 8;
    %load/vec4 v0x57989bf11470_0;
    %parti/s 32, 0, 2;
    %inv;
    %addi 1, 0, 32;
    %jmp/1 T_3.15, 8;
T_3.14 ; End of true expr.
    %load/vec4 v0x57989bf11470_0;
    %parti/s 32, 0, 2;
    %jmp/0 T_3.15, 8;
 ; End of false expr.
    %blend;
T_3.15;
    %store/vec4 v0x57989bf11fd0_0, 0, 32;
T_3.1 ;
    %jmp T_3;
    .thread T_3, $push;
    .scope S_0x57989be86760;
T_4 ;
    %wait E_0x57989be8e190;
    %load/vec4 v0x57989bf13000_0;
    %dup/vec4;
    %pushi/vec4 0, 0, 4;
    %cmp/u;
    %jmp/1 T_4.0, 6;
    %dup/vec4;
    %pushi/vec4 1, 0, 4;
    %cmp/u;
    %jmp/1 T_4.1, 6;
    %dup/vec4;
    %pushi/vec4 2, 0, 4;
    %cmp/u;
    %jmp/1 T_4.2, 6;
    %dup/vec4;
    %pushi/vec4 3, 0, 4;
    %cmp/u;
    %jmp/1 T_4.3, 6;
    %dup/vec4;
    %pushi/vec4 4, 0, 4;
    %cmp/u;
    %jmp/1 T_4.4, 6;
    %dup/vec4;
    %pushi/vec4 5, 0, 4;
    %cmp/u;
    %jmp/1 T_4.5, 6;
    %dup/vec4;
    %pushi/vec4 6, 0, 4;
    %cmp/u;
    %jmp/1 T_4.6, 6;
    %dup/vec4;
    %pushi/vec4 7, 0, 4;
    %cmp/u;
    %jmp/1 T_4.7, 6;
    %dup/vec4;
    %pushi/vec4 8, 0, 4;
    %cmp/u;
    %jmp/1 T_4.8, 6;
    %dup/vec4;
    %pushi/vec4 9, 0, 4;
    %cmp/u;
    %jmp/1 T_4.9, 6;
    %pushi/vec4 0, 0, 32;
    %store/vec4 v0x57989bf153d0_0, 0, 32;
    %jmp T_4.11;
T_4.0 ;
    %load/vec4 v0x57989bf158b0_0;
    %store/vec4 v0x57989bf153d0_0, 0, 32;
    %jmp T_4.11;
T_4.1 ;
    %load/vec4 v0x57989bf158b0_0;
    %store/vec4 v0x57989bf153d0_0, 0, 32;
    %jmp T_4.11;
T_4.2 ;
    %load/vec4 v0x57989bf12f40_0;
    %load/vec4 v0x57989bf130e0_0;
    %and;
    %store/vec4 v0x57989bf153d0_0, 0, 32;
    %jmp T_4.11;
T_4.3 ;
    %load/vec4 v0x57989bf12f40_0;
    %load/vec4 v0x57989bf130e0_0;
    %or;
    %store/vec4 v0x57989bf153d0_0, 0, 32;
    %jmp T_4.11;
T_4.4 ;
    %load/vec4 v0x57989bf12f40_0;
    %load/vec4 v0x57989bf130e0_0;
    %xor;
    %store/vec4 v0x57989bf153d0_0, 0, 32;
    %jmp T_4.11;
T_4.5 ;
    %load/vec4 v0x57989bf152f0_0;
    %store/vec4 v0x57989bf153d0_0, 0, 32;
    %jmp T_4.11;
T_4.6 ;
    %load/vec4 v0x57989bf15250_0;
    %store/vec4 v0x57989bf153d0_0, 0, 32;
    %jmp T_4.11;
T_4.7 ;
    %load/vec4 v0x57989bf14f50_0;
    %store/vec4 v0x57989bf153d0_0, 0, 32;
    %jmp T_4.11;
T_4.8 ;
    %load/vec4 v0x57989bf15010_0;
    %store/vec4 v0x57989bf153d0_0, 0, 32;
    %jmp T_4.11;
T_4.9 ;
    %load/vec4 v0x57989bf157d0_0;
    %store/vec4 v0x57989bf153d0_0, 0, 32;
    %jmp T_4.11;
T_4.11 ;
    %pop/vec4 1;
    %jmp T_4;
    .thread T_4, $push;
    .scope S_0x57989bed95d0;
T_5 ;
    %vpi_call 2 58 "$dumpfile", "alu_wave.vcd" {0 0 0};
    %vpi_call 2 59 "$dumpvars", 32'sb00000000000000000000000000000000, S_0x57989bed95d0 {0 0 0};
    %vpi_call 2 61 "$display", "========================================" {0 0 0};
    %vpi_call 2 62 "$display", " GTKWave:" {0 0 0};
    %vpi_call 2 63 "$display", " Right click signal ->" {0 0 0};
    %vpi_call 2 64 "$display", " Data Format -> Signed Decimal" {0 0 0};
    %vpi_call 2 65 "$display", "========================================" {0 0 0};
    %end;
    .thread T_5;
    .scope S_0x57989bed95d0;
T_6 ;
    %pushi/vec4 0, 0, 32;
    %store/vec4 v0x57989bf16370_0, 0, 32;
    %pushi/vec4 0, 0, 32;
    %store/vec4 v0x57989bf16140_0, 0, 32;
    %vpi_call 2 176 "$display", "\012========================================" {0 0 0};
    %vpi_call 2 177 "$display", " ALU TESTBENCH" {0 0 0};
    %vpi_call 2 178 "$display", " WIDTH = %0d", P_0x57989bed4240 {0 0 0};
    %vpi_call 2 179 "$display", "========================================" {0 0 0};
    %vpi_call 2 184 "$display", "\012--- ADD ---" {0 0 0};
    %pushi/vec4 15, 0, 32;
    %store/vec4 v0x57989bf15b70_0, 0, 32;
    %pushi/vec4 10, 0, 32;
    %store/vec4 v0x57989bf15e10_0, 0, 32;
    %pushi/vec4 0, 0, 4;
    %store/vec4 v0x57989bf15c50_0, 0, 4;
    %pushi/vec4 25, 0, 32;
    %store/vec4 v0x57989bf10810_0, 0, 32;
    %pushi/vec4 0, 0, 1;
    %store/vec4 v0x57989bf108d0_0, 0, 1;
    %pushi/vec4 0, 0, 1;
    %store/vec4 v0x57989be96920_0, 0, 1;
    %pushi/vec4 0, 0, 1;
    %store/vec4 v0x57989bf10750_0, 0, 1;
    %pushi/vec4 0, 0, 32; draw_string_vec4
    %pushi/vec4 65, 0, 32; draw_string_vec4
    %concat/vec4; draw_string_vec4
    %pushi/vec4 1145315426, 0, 32; draw_string_vec4
    %concat/vec4; draw_string_vec4
    %pushi/vec4 1634953571, 0, 32; draw_string_vec4
    %concat/vec4; draw_string_vec4
    %store/vec4 v0x57989bf10990_0, 0, 128;
    %fork TD_alu_tb.check, S_0x57989be86a80;
    %join;
    %pushi/vec4 0, 0, 32;
    %store/vec4 v0x57989bf15b70_0, 0, 32;
    %pushi/vec4 0, 0, 32;
    %store/vec4 v0x57989bf15e10_0, 0, 32;
    %pushi/vec4 0, 0, 4;
    %store/vec4 v0x57989bf15c50_0, 0, 4;
    %pushi/vec4 0, 0, 32;
    %store/vec4 v0x57989bf10810_0, 0, 32;
    %pushi/vec4 1, 0, 1;
    %store/vec4 v0x57989bf108d0_0, 0, 1;
    %pushi/vec4 0, 0, 1;
    %store/vec4 v0x57989be96920_0, 0, 1;
    %pushi/vec4 0, 0, 1;
    %store/vec4 v0x57989bf10750_0, 0, 1;
    %pushi/vec4 0, 0, 32; draw_string_vec4
    %pushi/vec4 0, 0, 32; draw_string_vec4
    %concat/vec4; draw_string_vec4
    %pushi/vec4 1094992928, 0, 32; draw_string_vec4
    %concat/vec4; draw_string_vec4
    %pushi/vec4 2053468783, 0, 32; draw_string_vec4
    %concat/vec4; draw_string_vec4
    %store/vec4 v0x57989bf10990_0, 0, 128;
    %fork TD_alu_tb.check, S_0x57989be86a80;
    %join;
    %pushi/vec4 2147483647, 0, 32;
    %store/vec4 v0x57989bf15b70_0, 0, 32;
    %pushi/vec4 1, 0, 32;
    %store/vec4 v0x57989bf15e10_0, 0, 32;
    %pushi/vec4 0, 0, 4;
    %store/vec4 v0x57989bf15c50_0, 0, 4;
    %pushi/vec4 2147483648, 0, 32;
    %store/vec4 v0x57989bf10810_0, 0, 32;
    %pushi/vec4 0, 0, 1;
    %store/vec4 v0x57989bf108d0_0, 0, 1;
    %pushi/vec4 1, 0, 1;
    %store/vec4 v0x57989be96920_0, 0, 1;
    %pushi/vec4 1, 0, 1;
    %store/vec4 v0x57989bf10750_0, 0, 1;
    %pushi/vec4 0, 0, 32; draw_string_vec4
    %pushi/vec4 1094992928, 0, 32; draw_string_vec4
    %concat/vec4; draw_string_vec4
    %pushi/vec4 1870030194, 0, 32; draw_string_vec4
    %concat/vec4; draw_string_vec4
    %pushi/vec4 1718382455, 0, 32; draw_string_vec4
    %concat/vec4; draw_string_vec4
    %store/vec4 v0x57989bf10990_0, 0, 128;
    %fork TD_alu_tb.check, S_0x57989be86a80;
    %join;
    %vpi_call 2 204 "$display", "\012--- SUB ---" {0 0 0};
    %pushi/vec4 20, 0, 32;
    %store/vec4 v0x57989bf15b70_0, 0, 32;
    %pushi/vec4 5, 0, 32;
    %store/vec4 v0x57989bf15e10_0, 0, 32;
    %pushi/vec4 1, 0, 4;
    %store/vec4 v0x57989bf15c50_0, 0, 4;
    %pushi/vec4 15, 0, 32;
    %store/vec4 v0x57989bf10810_0, 0, 32;
    %pushi/vec4 0, 0, 1;
    %store/vec4 v0x57989bf108d0_0, 0, 1;
    %pushi/vec4 0, 0, 1;
    %store/vec4 v0x57989be96920_0, 0, 1;
    %pushi/vec4 0, 0, 1;
    %store/vec4 v0x57989bf10750_0, 0, 1;
    %pushi/vec4 0, 0, 32; draw_string_vec4
    %pushi/vec4 83, 0, 32; draw_string_vec4
    %concat/vec4; draw_string_vec4
    %pushi/vec4 1430397026, 0, 32; draw_string_vec4
    %concat/vec4; draw_string_vec4
    %pushi/vec4 1634953571, 0, 32; draw_string_vec4
    %concat/vec4; draw_string_vec4
    %store/vec4 v0x57989bf10990_0, 0, 128;
    %fork TD_alu_tb.check, S_0x57989be86a80;
    %join;
    %pushi/vec4 5, 0, 32;
    %store/vec4 v0x57989bf15b70_0, 0, 32;
    %pushi/vec4 5, 0, 32;
    %store/vec4 v0x57989bf15e10_0, 0, 32;
    %pushi/vec4 1, 0, 4;
    %store/vec4 v0x57989bf15c50_0, 0, 4;
    %pushi/vec4 0, 0, 32;
    %store/vec4 v0x57989bf10810_0, 0, 32;
    %pushi/vec4 1, 0, 1;
    %store/vec4 v0x57989bf108d0_0, 0, 1;
    %pushi/vec4 0, 0, 1;
    %store/vec4 v0x57989be96920_0, 0, 1;
    %pushi/vec4 0, 0, 1;
    %store/vec4 v0x57989bf10750_0, 0, 1;
    %pushi/vec4 0, 0, 32; draw_string_vec4
    %pushi/vec4 0, 0, 32; draw_string_vec4
    %concat/vec4; draw_string_vec4
    %pushi/vec4 1398096416, 0, 32; draw_string_vec4
    %concat/vec4; draw_string_vec4
    %pushi/vec4 2053468783, 0, 32; draw_string_vec4
    %concat/vec4; draw_string_vec4
    %store/vec4 v0x57989bf10990_0, 0, 128;
    %fork TD_alu_tb.check, S_0x57989be86a80;
    %join;
    %pushi/vec4 3, 0, 32;
    %store/vec4 v0x57989bf15b70_0, 0, 32;
    %pushi/vec4 10, 0, 32;
    %store/vec4 v0x57989bf15e10_0, 0, 32;
    %pushi/vec4 1, 0, 4;
    %store/vec4 v0x57989bf15c50_0, 0, 4;
    %pushi/vec4 4294967289, 0, 32;
    %store/vec4 v0x57989bf10810_0, 0, 32;
    %pushi/vec4 0, 0, 1;
    %store/vec4 v0x57989bf108d0_0, 0, 1;
    %pushi/vec4 1, 0, 1;
    %store/vec4 v0x57989be96920_0, 0, 1;
    %pushi/vec4 0, 0, 1;
    %store/vec4 v0x57989bf10750_0, 0, 1;
    %pushi/vec4 0, 0, 32; draw_string_vec4
    %pushi/vec4 1398096416, 0, 32; draw_string_vec4
    %concat/vec4; draw_string_vec4
    %pushi/vec4 1852139361, 0, 32; draw_string_vec4
    %concat/vec4; draw_string_vec4
    %pushi/vec4 1953068645, 0, 32; draw_string_vec4
    %concat/vec4; draw_string_vec4
    %store/vec4 v0x57989bf10990_0, 0, 128;
    %fork TD_alu_tb.check, S_0x57989be86a80;
    %join;
    %pushi/vec4 2147483648, 0, 32;
    %store/vec4 v0x57989bf15b70_0, 0, 32;
    %pushi/vec4 1, 0, 32;
    %store/vec4 v0x57989bf15e10_0, 0, 32;
    %pushi/vec4 1, 0, 4;
    %store/vec4 v0x57989bf15c50_0, 0, 4;
    %pushi/vec4 2147483647, 0, 32;
    %store/vec4 v0x57989bf10810_0, 0, 32;
    %pushi/vec4 0, 0, 1;
    %store/vec4 v0x57989bf108d0_0, 0, 1;
    %pushi/vec4 0, 0, 1;
    %store/vec4 v0x57989be96920_0, 0, 1;
    %pushi/vec4 1, 0, 1;
    %store/vec4 v0x57989bf10750_0, 0, 1;
    %pushi/vec4 0, 0, 32; draw_string_vec4
    %pushi/vec4 1398096416, 0, 32; draw_string_vec4
    %concat/vec4; draw_string_vec4
    %pushi/vec4 1870030194, 0, 32; draw_string_vec4
    %concat/vec4; draw_string_vec4
    %pushi/vec4 1718382455, 0, 32; draw_string_vec4
    %concat/vec4; draw_string_vec4
    %store/vec4 v0x57989bf10990_0, 0, 128;
    %fork TD_alu_tb.check, S_0x57989be86a80;
    %join;
    %vpi_call 2 229 "$display", "\012--- AND ---" {0 0 0};
    %pushi/vec4 4278255360, 0, 32;
    %store/vec4 v0x57989bf15b70_0, 0, 32;
    %pushi/vec4 4042322160, 0, 32;
    %store/vec4 v0x57989bf15e10_0, 0, 32;
    %pushi/vec4 2, 0, 4;
    %store/vec4 v0x57989bf15c50_0, 0, 4;
    %pushi/vec4 4026593280, 0, 32;
    %store/vec4 v0x57989bf10810_0, 0, 32;
    %pushi/vec4 0, 0, 1;
    %store/vec4 v0x57989bf108d0_0, 0, 1;
    %pushi/vec4 1, 0, 1;
    %store/vec4 v0x57989be96920_0, 0, 1;
    %pushi/vec4 0, 0, 1;
    %store/vec4 v0x57989bf10750_0, 0, 1;
    %pushi/vec4 0, 0, 32; draw_string_vec4
    %pushi/vec4 4279876, 0, 32; draw_string_vec4
    %concat/vec4; draw_string_vec4
    %pushi/vec4 544235892, 0, 32; draw_string_vec4
    %concat/vec4; draw_string_vec4
    %pushi/vec4 1952805486, 0, 32; draw_string_vec4
    %concat/vec4; draw_string_vec4
    %store/vec4 v0x57989bf10990_0, 0, 128;
    %fork TD_alu_tb.check, S_0x57989be86a80;
    %join;
    %pushi/vec4 2863311530, 0, 32;
    %store/vec4 v0x57989bf15b70_0, 0, 32;
    %pushi/vec4 1431655765, 0, 32;
    %store/vec4 v0x57989bf15e10_0, 0, 32;
    %pushi/vec4 2, 0, 4;
    %store/vec4 v0x57989bf15c50_0, 0, 4;
    %pushi/vec4 0, 0, 32;
    %store/vec4 v0x57989bf10810_0, 0, 32;
    %pushi/vec4 1, 0, 1;
    %store/vec4 v0x57989bf108d0_0, 0, 1;
    %pushi/vec4 0, 0, 1;
    %store/vec4 v0x57989be96920_0, 0, 1;
    %pushi/vec4 0, 0, 1;
    %store/vec4 v0x57989bf10750_0, 0, 1;
    %pushi/vec4 0, 0, 32; draw_string_vec4
    %pushi/vec4 0, 0, 32; draw_string_vec4
    %concat/vec4; draw_string_vec4
    %pushi/vec4 1095648288, 0, 32; draw_string_vec4
    %concat/vec4; draw_string_vec4
    %pushi/vec4 2053468783, 0, 32; draw_string_vec4
    %concat/vec4; draw_string_vec4
    %store/vec4 v0x57989bf10990_0, 0, 128;
    %fork TD_alu_tb.check, S_0x57989be86a80;
    %join;
    %vpi_call 2 244 "$display", "\012--- OR ---" {0 0 0};
    %pushi/vec4 4278190080, 0, 32;
    %store/vec4 v0x57989bf15b70_0, 0, 32;
    %pushi/vec4 16711680, 0, 32;
    %store/vec4 v0x57989bf15e10_0, 0, 32;
    %pushi/vec4 3, 0, 4;
    %store/vec4 v0x57989bf15c50_0, 0, 4;
    %pushi/vec4 4294901760, 0, 32;
    %store/vec4 v0x57989bf10810_0, 0, 32;
    %pushi/vec4 0, 0, 1;
    %store/vec4 v0x57989bf108d0_0, 0, 1;
    %pushi/vec4 1, 0, 1;
    %store/vec4 v0x57989be96920_0, 0, 1;
    %pushi/vec4 0, 0, 1;
    %store/vec4 v0x57989bf10750_0, 0, 1;
    %pushi/vec4 0, 0, 32; draw_string_vec4
    %pushi/vec4 20306, 0, 32; draw_string_vec4
    %concat/vec4; draw_string_vec4
    %pushi/vec4 543387501, 0, 32; draw_string_vec4
    %concat/vec4; draw_string_vec4
    %pushi/vec4 1651076709, 0, 32; draw_string_vec4
    %concat/vec4; draw_string_vec4
    %store/vec4 v0x57989bf10990_0, 0, 128;
    %fork TD_alu_tb.check, S_0x57989be86a80;
    %join;
    %pushi/vec4 0, 0, 32;
    %store/vec4 v0x57989bf15b70_0, 0, 32;
    %pushi/vec4 0, 0, 32;
    %store/vec4 v0x57989bf15e10_0, 0, 32;
    %pushi/vec4 3, 0, 4;
    %store/vec4 v0x57989bf15c50_0, 0, 4;
    %pushi/vec4 0, 0, 32;
    %store/vec4 v0x57989bf10810_0, 0, 32;
    %pushi/vec4 1, 0, 1;
    %store/vec4 v0x57989bf108d0_0, 0, 1;
    %pushi/vec4 0, 0, 1;
    %store/vec4 v0x57989be96920_0, 0, 1;
    %pushi/vec4 0, 0, 1;
    %store/vec4 v0x57989bf10750_0, 0, 1;
    %pushi/vec4 0, 0, 32; draw_string_vec4
    %pushi/vec4 0, 0, 32; draw_string_vec4
    %concat/vec4; draw_string_vec4
    %pushi/vec4 5198368, 0, 32; draw_string_vec4
    %concat/vec4; draw_string_vec4
    %pushi/vec4 2053468783, 0, 32; draw_string_vec4
    %concat/vec4; draw_string_vec4
    %store/vec4 v0x57989bf10990_0, 0, 128;
    %fork TD_alu_tb.check, S_0x57989be86a80;
    %join;
    %vpi_call 2 259 "$display", "\012--- XOR ---" {0 0 0};
    %pushi/vec4 4294967295, 0, 32;
    %store/vec4 v0x57989bf15b70_0, 0, 32;
    %pushi/vec4 4294967295, 0, 32;
    %store/vec4 v0x57989bf15e10_0, 0, 32;
    %pushi/vec4 4, 0, 4;
    %store/vec4 v0x57989bf15c50_0, 0, 4;
    %pushi/vec4 0, 0, 32;
    %store/vec4 v0x57989bf10810_0, 0, 32;
    %pushi/vec4 1, 0, 1;
    %store/vec4 v0x57989bf108d0_0, 0, 1;
    %pushi/vec4 0, 0, 1;
    %store/vec4 v0x57989be96920_0, 0, 1;
    %pushi/vec4 0, 0, 1;
    %store/vec4 v0x57989bf10750_0, 0, 1;
    %pushi/vec4 0, 0, 32; draw_string_vec4
    %pushi/vec4 0, 0, 32; draw_string_vec4
    %concat/vec4; draw_string_vec4
    %pushi/vec4 1481593376, 0, 32; draw_string_vec4
    %concat/vec4; draw_string_vec4
    %pushi/vec4 1935764837, 0, 32; draw_string_vec4
    %concat/vec4; draw_string_vec4
    %store/vec4 v0x57989bf10990_0, 0, 128;
    %fork TD_alu_tb.check, S_0x57989be86a80;
    %join;
    %pushi/vec4 2863311530, 0, 32;
    %store/vec4 v0x57989bf15b70_0, 0, 32;
    %pushi/vec4 1431655765, 0, 32;
    %store/vec4 v0x57989bf15e10_0, 0, 32;
    %pushi/vec4 4, 0, 4;
    %store/vec4 v0x57989bf15c50_0, 0, 4;
    %pushi/vec4 4294967295, 0, 32;
    %store/vec4 v0x57989bf10810_0, 0, 32;
    %pushi/vec4 0, 0, 1;
    %store/vec4 v0x57989bf108d0_0, 0, 1;
    %pushi/vec4 1, 0, 1;
    %store/vec4 v0x57989be96920_0, 0, 1;
    %pushi/vec4 0, 0, 1;
    %store/vec4 v0x57989bf10750_0, 0, 1;
    %pushi/vec4 5787474, 0, 32; draw_string_vec4
    %pushi/vec4 543255668, 0, 32; draw_string_vec4
    %concat/vec4; draw_string_vec4
    %pushi/vec4 1701998177, 0, 32; draw_string_vec4
    %concat/vec4; draw_string_vec4
    %pushi/vec4 1953066599, 0, 32; draw_string_vec4
    %concat/vec4; draw_string_vec4
    %store/vec4 v0x57989bf10990_0, 0, 128;
    %fork TD_alu_tb.check, S_0x57989be86a80;
    %join;
    %vpi_call 2 274 "$display", "\012--- MUL LOW ---" {0 0 0};
    %pushi/vec4 6, 0, 32;
    %store/vec4 v0x57989bf15b70_0, 0, 32;
    %pushi/vec4 7, 0, 32;
    %store/vec4 v0x57989bf15e10_0, 0, 32;
    %pushi/vec4 5, 0, 4;
    %store/vec4 v0x57989bf15c50_0, 0, 4;
    %pushi/vec4 42, 0, 32;
    %store/vec4 v0x57989bf10810_0, 0, 32;
    %pushi/vec4 0, 0, 1;
    %store/vec4 v0x57989bf108d0_0, 0, 1;
    %pushi/vec4 0, 0, 1;
    %store/vec4 v0x57989be96920_0, 0, 1;
    %pushi/vec4 0, 0, 1;
    %store/vec4 v0x57989bf10750_0, 0, 1;
    %pushi/vec4 0, 0, 32; draw_string_vec4
    %pushi/vec4 0, 0, 32; draw_string_vec4
    %concat/vec4; draw_string_vec4
    %pushi/vec4 5068108, 0, 32; draw_string_vec4
    %concat/vec4; draw_string_vec4
    %pushi/vec4 540440631, 0, 32; draw_string_vec4
    %concat/vec4; draw_string_vec4
    %store/vec4 v0x57989bf10990_0, 0, 128;
    %fork TD_alu_tb.check, S_0x57989be86a80;
    %join;
    %pushi/vec4 0, 0, 32;
    %store/vec4 v0x57989bf15b70_0, 0, 32;
    %pushi/vec4 999, 0, 32;
    %store/vec4 v0x57989bf15e10_0, 0, 32;
    %pushi/vec4 5, 0, 4;
    %store/vec4 v0x57989bf15c50_0, 0, 4;
    %pushi/vec4 0, 0, 32;
    %store/vec4 v0x57989bf10810_0, 0, 32;
    %pushi/vec4 1, 0, 1;
    %store/vec4 v0x57989bf108d0_0, 0, 1;
    %pushi/vec4 0, 0, 1;
    %store/vec4 v0x57989be96920_0, 0, 1;
    %pushi/vec4 0, 0, 1;
    %store/vec4 v0x57989bf10750_0, 0, 1;
    %pushi/vec4 0, 0, 32; draw_string_vec4
    %pushi/vec4 5068108, 0, 32; draw_string_vec4
    %concat/vec4; draw_string_vec4
    %pushi/vec4 543324448, 0, 32; draw_string_vec4
    %concat/vec4; draw_string_vec4
    %pushi/vec4 2053468783, 0, 32; draw_string_vec4
    %concat/vec4; draw_string_vec4
    %store/vec4 v0x57989bf10990_0, 0, 128;
    %fork TD_alu_tb.check, S_0x57989be86a80;
    %join;
    %pushi/vec4 4294967293, 0, 32;
    %store/vec4 v0x57989bf15b70_0, 0, 32;
    %pushi/vec4 4, 0, 32;
    %store/vec4 v0x57989bf15e10_0, 0, 32;
    %pushi/vec4 5, 0, 4;
    %store/vec4 v0x57989bf15c50_0, 0, 4;
    %pushi/vec4 4294967284, 0, 32;
    %store/vec4 v0x57989bf10810_0, 0, 32;
    %pushi/vec4 0, 0, 1;
    %store/vec4 v0x57989bf108d0_0, 0, 1;
    %pushi/vec4 1, 0, 1;
    %store/vec4 v0x57989be96920_0, 0, 1;
    %pushi/vec4 0, 0, 1;
    %store/vec4 v0x57989bf10750_0, 0, 1;
    %pushi/vec4 0, 0, 32; draw_string_vec4
    %pushi/vec4 5068108, 0, 32; draw_string_vec4
    %concat/vec4; draw_string_vec4
    %pushi/vec4 544105831, 0, 32; draw_string_vec4
    %concat/vec4; draw_string_vec4
    %pushi/vec4 712011635, 0, 32; draw_string_vec4
    %concat/vec4; draw_string_vec4
    %store/vec4 v0x57989bf10990_0, 0, 128;
    %fork TD_alu_tb.check, S_0x57989be86a80;
    %join;
    %pushi/vec4 4294967291, 0, 32;
    %store/vec4 v0x57989bf15b70_0, 0, 32;
    %pushi/vec4 4294967291, 0, 32;
    %store/vec4 v0x57989bf15e10_0, 0, 32;
    %pushi/vec4 5, 0, 4;
    %store/vec4 v0x57989bf15c50_0, 0, 4;
    %pushi/vec4 25, 0, 32;
    %store/vec4 v0x57989bf10810_0, 0, 32;
    %pushi/vec4 0, 0, 1;
    %store/vec4 v0x57989bf108d0_0, 0, 1;
    %pushi/vec4 0, 0, 1;
    %store/vec4 v0x57989be96920_0, 0, 1;
    %pushi/vec4 0, 0, 1;
    %store/vec4 v0x57989bf10750_0, 0, 1;
    %pushi/vec4 0, 0, 32; draw_string_vec4
    %pushi/vec4 5068108, 0, 32; draw_string_vec4
    %concat/vec4; draw_string_vec4
    %pushi/vec4 544105831, 0, 32; draw_string_vec4
    %concat/vec4; draw_string_vec4
    %pushi/vec4 711877991, 0, 32; draw_string_vec4
    %concat/vec4; draw_string_vec4
    %store/vec4 v0x57989bf10990_0, 0, 128;
    %fork TD_alu_tb.check, S_0x57989be86a80;
    %join;
    %vpi_call 2 299 "$display", "\012--- DIV QUOTIENT ---" {0 0 0};
    %pushi/vec4 20, 0, 32;
    %store/vec4 v0x57989bf15b70_0, 0, 32;
    %pushi/vec4 4, 0, 32;
    %store/vec4 v0x57989bf15e10_0, 0, 32;
    %pushi/vec4 7, 0, 4;
    %store/vec4 v0x57989bf15c50_0, 0, 4;
    %pushi/vec4 5, 0, 32;
    %store/vec4 v0x57989bf10ba0_0, 0, 32;
    %pushi/vec4 0, 0, 1;
    %store/vec4 v0x57989bf10ae0_0, 0, 1;
    %pushi/vec4 0, 0, 32; draw_string_vec4
    %pushi/vec4 0, 0, 32; draw_string_vec4
    %concat/vec4; draw_string_vec4
    %pushi/vec4 1145656864, 0, 32; draw_string_vec4
    %concat/vec4; draw_string_vec4
    %pushi/vec4 842018612, 0, 32; draw_string_vec4
    %concat/vec4; draw_string_vec4
    %store/vec4 v0x57989bf10c80_0, 0, 128;
    %fork TD_alu_tb.check_div, S_0x57989be86410;
    %join;
    %pushi/vec4 7, 0, 32;
    %store/vec4 v0x57989bf15b70_0, 0, 32;
    %pushi/vec4 2, 0, 32;
    %store/vec4 v0x57989bf15e10_0, 0, 32;
    %pushi/vec4 7, 0, 4;
    %store/vec4 v0x57989bf15c50_0, 0, 4;
    %pushi/vec4 3, 0, 32;
    %store/vec4 v0x57989bf10ba0_0, 0, 32;
    %pushi/vec4 0, 0, 1;
    %store/vec4 v0x57989bf10ae0_0, 0, 1;
    %pushi/vec4 0, 0, 32; draw_string_vec4
    %pushi/vec4 0, 0, 32; draw_string_vec4
    %concat/vec4; draw_string_vec4
    %pushi/vec4 4475222, 0, 32; draw_string_vec4
    %concat/vec4; draw_string_vec4
    %pushi/vec4 540487474, 0, 32; draw_string_vec4
    %concat/vec4; draw_string_vec4
    %store/vec4 v0x57989bf10c80_0, 0, 128;
    %fork TD_alu_tb.check_div, S_0x57989be86410;
    %join;
    %pushi/vec4 4294967276, 0, 32;
    %store/vec4 v0x57989bf15b70_0, 0, 32;
    %pushi/vec4 4, 0, 32;
    %store/vec4 v0x57989bf15e10_0, 0, 32;
    %pushi/vec4 7, 0, 4;
    %store/vec4 v0x57989bf15c50_0, 0, 4;
    %pushi/vec4 4294967291, 0, 32;
    %store/vec4 v0x57989bf10ba0_0, 0, 32;
    %pushi/vec4 0, 0, 1;
    %store/vec4 v0x57989bf10ae0_0, 0, 1;
    %pushi/vec4 0, 0, 32; draw_string_vec4
    %pushi/vec4 68, 0, 32; draw_string_vec4
    %concat/vec4; draw_string_vec4
    %pushi/vec4 1230381101, 0, 32; draw_string_vec4
    %concat/vec4; draw_string_vec4
    %pushi/vec4 842018612, 0, 32; draw_string_vec4
    %concat/vec4; draw_string_vec4
    %store/vec4 v0x57989bf10c80_0, 0, 128;
    %fork TD_alu_tb.check_div, S_0x57989be86410;
    %join;
    %pushi/vec4 99, 0, 32;
    %store/vec4 v0x57989bf15b70_0, 0, 32;
    %pushi/vec4 0, 0, 32;
    %store/vec4 v0x57989bf15e10_0, 0, 32;
    %pushi/vec4 7, 0, 4;
    %store/vec4 v0x57989bf15c50_0, 0, 4;
    %pushi/vec4 0, 0, 32;
    %store/vec4 v0x57989bf10ba0_0, 0, 32;
    %pushi/vec4 1, 0, 1;
    %store/vec4 v0x57989bf10ae0_0, 0, 1;
    %pushi/vec4 0, 0, 32; draw_string_vec4
    %pushi/vec4 4475222, 0, 32; draw_string_vec4
    %concat/vec4; draw_string_vec4
    %pushi/vec4 543324448, 0, 32; draw_string_vec4
    %concat/vec4; draw_string_vec4
    %pushi/vec4 2053468783, 0, 32; draw_string_vec4
    %concat/vec4; draw_string_vec4
    %store/vec4 v0x57989bf10c80_0, 0, 128;
    %fork TD_alu_tb.check_div, S_0x57989be86410;
    %join;
    %vpi_call 2 324 "$display", "\012--- REMAINDER ---" {0 0 0};
    %pushi/vec4 20, 0, 32;
    %store/vec4 v0x57989bf15b70_0, 0, 32;
    %pushi/vec4 6, 0, 32;
    %store/vec4 v0x57989bf15e10_0, 0, 32;
    %pushi/vec4 8, 0, 4;
    %store/vec4 v0x57989bf15c50_0, 0, 4;
    %pushi/vec4 2, 0, 32;
    %store/vec4 v0x57989bf10810_0, 0, 32;
    %pushi/vec4 0, 0, 1;
    %store/vec4 v0x57989bf108d0_0, 0, 1;
    %pushi/vec4 0, 0, 1;
    %store/vec4 v0x57989be96920_0, 0, 1;
    %pushi/vec4 0, 0, 1;
    %store/vec4 v0x57989bf10750_0, 0, 1;
    %pushi/vec4 0, 0, 32; draw_string_vec4
    %pushi/vec4 0, 0, 32; draw_string_vec4
    %concat/vec4; draw_string_vec4
    %pushi/vec4 1380273440, 0, 32; draw_string_vec4
    %concat/vec4; draw_string_vec4
    %pushi/vec4 842016054, 0, 32; draw_string_vec4
    %concat/vec4; draw_string_vec4
    %store/vec4 v0x57989bf10990_0, 0, 128;
    %fork TD_alu_tb.check, S_0x57989be86a80;
    %join;
    %pushi/vec4 4294967276, 0, 32;
    %store/vec4 v0x57989bf15b70_0, 0, 32;
    %pushi/vec4 6, 0, 32;
    %store/vec4 v0x57989bf15e10_0, 0, 32;
    %pushi/vec4 8, 0, 4;
    %store/vec4 v0x57989bf15c50_0, 0, 4;
    %pushi/vec4 4294967294, 0, 32;
    %store/vec4 v0x57989bf10810_0, 0, 32;
    %pushi/vec4 0, 0, 1;
    %store/vec4 v0x57989bf108d0_0, 0, 1;
    %pushi/vec4 1, 0, 1;
    %store/vec4 v0x57989be96920_0, 0, 1;
    %pushi/vec4 0, 0, 1;
    %store/vec4 v0x57989bf10750_0, 0, 1;
    %pushi/vec4 0, 0, 32; draw_string_vec4
    %pushi/vec4 82, 0, 32; draw_string_vec4
    %concat/vec4; draw_string_vec4
    %pushi/vec4 1162682413, 0, 32; draw_string_vec4
    %concat/vec4; draw_string_vec4
    %pushi/vec4 842016054, 0, 32; draw_string_vec4
    %concat/vec4; draw_string_vec4
    %store/vec4 v0x57989bf10990_0, 0, 128;
    %fork TD_alu_tb.check, S_0x57989be86a80;
    %join;
    %vpi_call 2 339 "$display", "\012--- SLT ---" {0 0 0};
    %pushi/vec4 3, 0, 32;
    %store/vec4 v0x57989bf15b70_0, 0, 32;
    %pushi/vec4 10, 0, 32;
    %store/vec4 v0x57989bf15e10_0, 0, 32;
    %pushi/vec4 9, 0, 4;
    %store/vec4 v0x57989bf15c50_0, 0, 4;
    %pushi/vec4 1, 0, 32;
    %store/vec4 v0x57989bf10810_0, 0, 32;
    %pushi/vec4 0, 0, 1;
    %store/vec4 v0x57989bf108d0_0, 0, 1;
    %pushi/vec4 0, 0, 1;
    %store/vec4 v0x57989be96920_0, 0, 1;
    %pushi/vec4 0, 0, 1;
    %store/vec4 v0x57989bf10750_0, 0, 1;
    %pushi/vec4 0, 0, 32; draw_string_vec4
    %pushi/vec4 0, 0, 32; draw_string_vec4
    %concat/vec4; draw_string_vec4
    %pushi/vec4 1397511200, 0, 32; draw_string_vec4
    %concat/vec4; draw_string_vec4
    %pushi/vec4 859582768, 0, 32; draw_string_vec4
    %concat/vec4; draw_string_vec4
    %store/vec4 v0x57989bf10990_0, 0, 128;
    %fork TD_alu_tb.check, S_0x57989be86a80;
    %join;
    %pushi/vec4 10, 0, 32;
    %store/vec4 v0x57989bf15b70_0, 0, 32;
    %pushi/vec4 3, 0, 32;
    %store/vec4 v0x57989bf15e10_0, 0, 32;
    %pushi/vec4 9, 0, 4;
    %store/vec4 v0x57989bf15c50_0, 0, 4;
    %pushi/vec4 0, 0, 32;
    %store/vec4 v0x57989bf10810_0, 0, 32;
    %pushi/vec4 1, 0, 1;
    %store/vec4 v0x57989bf108d0_0, 0, 1;
    %pushi/vec4 0, 0, 1;
    %store/vec4 v0x57989be96920_0, 0, 1;
    %pushi/vec4 0, 0, 1;
    %store/vec4 v0x57989bf10750_0, 0, 1;
    %pushi/vec4 0, 0, 32; draw_string_vec4
    %pushi/vec4 83, 0, 32; draw_string_vec4
    %concat/vec4; draw_string_vec4
    %pushi/vec4 1280581681, 0, 32; draw_string_vec4
    %concat/vec4; draw_string_vec4
    %pushi/vec4 809385267, 0, 32; draw_string_vec4
    %concat/vec4; draw_string_vec4
    %store/vec4 v0x57989bf10990_0, 0, 128;
    %fork TD_alu_tb.check, S_0x57989be86a80;
    %join;
    %pushi/vec4 5, 0, 32;
    %store/vec4 v0x57989bf15b70_0, 0, 32;
    %pushi/vec4 5, 0, 32;
    %store/vec4 v0x57989bf15e10_0, 0, 32;
    %pushi/vec4 9, 0, 4;
    %store/vec4 v0x57989bf15c50_0, 0, 4;
    %pushi/vec4 0, 0, 32;
    %store/vec4 v0x57989bf10810_0, 0, 32;
    %pushi/vec4 1, 0, 1;
    %store/vec4 v0x57989bf108d0_0, 0, 1;
    %pushi/vec4 0, 0, 1;
    %store/vec4 v0x57989be96920_0, 0, 1;
    %pushi/vec4 0, 0, 1;
    %store/vec4 v0x57989bf10750_0, 0, 1;
    %pushi/vec4 0, 0, 32; draw_string_vec4
    %pushi/vec4 83, 0, 32; draw_string_vec4
    %concat/vec4; draw_string_vec4
    %pushi/vec4 1280581733, 0, 32; draw_string_vec4
    %concat/vec4; draw_string_vec4
    %pushi/vec4 1903518060, 0, 32; draw_string_vec4
    %concat/vec4; draw_string_vec4
    %store/vec4 v0x57989bf10990_0, 0, 128;
    %fork TD_alu_tb.check, S_0x57989be86a80;
    %join;
    %pushi/vec4 4294967295, 0, 32;
    %store/vec4 v0x57989bf15b70_0, 0, 32;
    %pushi/vec4 0, 0, 32;
    %store/vec4 v0x57989bf15e10_0, 0, 32;
    %pushi/vec4 9, 0, 4;
    %store/vec4 v0x57989bf15c50_0, 0, 4;
    %pushi/vec4 1, 0, 32;
    %store/vec4 v0x57989bf10810_0, 0, 32;
    %pushi/vec4 0, 0, 1;
    %store/vec4 v0x57989bf108d0_0, 0, 1;
    %pushi/vec4 0, 0, 1;
    %store/vec4 v0x57989be96920_0, 0, 1;
    %pushi/vec4 0, 0, 1;
    %store/vec4 v0x57989bf10750_0, 0, 1;
    %pushi/vec4 0, 0, 32; draw_string_vec4
    %pushi/vec4 0, 0, 32; draw_string_vec4
    %concat/vec4; draw_string_vec4
    %pushi/vec4 1397511200, 0, 32; draw_string_vec4
    %concat/vec4; draw_string_vec4
    %pushi/vec4 758201392, 0, 32; draw_string_vec4
    %concat/vec4; draw_string_vec4
    %store/vec4 v0x57989bf10990_0, 0, 128;
    %fork TD_alu_tb.check, S_0x57989be86a80;
    %join;
    %pushi/vec4 2147483648, 0, 32;
    %store/vec4 v0x57989bf15b70_0, 0, 32;
    %pushi/vec4 0, 0, 32;
    %store/vec4 v0x57989bf15e10_0, 0, 32;
    %pushi/vec4 9, 0, 4;
    %store/vec4 v0x57989bf15c50_0, 0, 4;
    %pushi/vec4 1, 0, 32;
    %store/vec4 v0x57989bf10810_0, 0, 32;
    %pushi/vec4 0, 0, 1;
    %store/vec4 v0x57989bf108d0_0, 0, 1;
    %pushi/vec4 0, 0, 1;
    %store/vec4 v0x57989be96920_0, 0, 1;
    %pushi/vec4 0, 0, 1;
    %store/vec4 v0x57989bf10750_0, 0, 1;
    %pushi/vec4 0, 0, 32; draw_string_vec4
    %pushi/vec4 5459028, 0, 32; draw_string_vec4
    %concat/vec4; draw_string_vec4
    %pushi/vec4 541675092, 0, 32; draw_string_vec4
    %concat/vec4; draw_string_vec4
    %pushi/vec4 1598900558, 0, 32; draw_string_vec4
    %concat/vec4; draw_string_vec4
    %store/vec4 v0x57989bf10990_0, 0, 128;
    %fork TD_alu_tb.check, S_0x57989be86a80;
    %join;
    %vpi_call 2 369 "$display", "\012========================================" {0 0 0};
    %vpi_call 2 370 "$display", " TEST SUMMARY" {0 0 0};
    %vpi_call 2 371 "$display", " PASSED = %0d", v0x57989bf16370_0 {0 0 0};
    %vpi_call 2 372 "$display", " FAILED = %0d", v0x57989bf16140_0 {0 0 0};
    %vpi_call 2 373 "$display", "========================================" {0 0 0};
    %delay 10, 0;
    %vpi_call 2 376 "$finish" {0 0 0};
    %end;
    .thread T_6;
# The file index is used to find the file name in the following table.
:file_names 4;
    "N/A";
    "<interactive>";
    ".//alu_tb.v";
    ".//alu.v";
