#! /usr/bin/vvp
:ivl_version "12.0 (stable)";
:ivl_delay_selection "TYPICAL";
:vpi_time_precision - 12;
:vpi_module "/usr/lib/x86_64-linux-gnu/ivl/system.vpi";
:vpi_module "/usr/lib/x86_64-linux-gnu/ivl/vhdl_sys.vpi";
:vpi_module "/usr/lib/x86_64-linux-gnu/ivl/vhdl_textio.vpi";
:vpi_module "/usr/lib/x86_64-linux-gnu/ivl/v2005_math.vpi";
:vpi_module "/usr/lib/x86_64-linux-gnu/ivl/va_math.vpi";
S_0x5d5b35457b70 .scope module, "tb_data_memory" "tb_data_memory" 2 3;
 .timescale -9 -12;
v0x5d5b35477090_0 .var "A", 7 0;
v0x5d5b35477170_0 .net "RD", 31 0, L_0x5d5b35444d10;  1 drivers
v0x5d5b35477210_0 .var "clk", 0 0;
v0x5d5b35477310_0 .var "writeData", 31 0;
v0x5d5b354773e0_0 .var "writeEnable", 0 0;
E_0x5d5b35456390 .event negedge, v0x5d5b354492d0_0;
S_0x5d5b35457d00 .scope module, "uut" "data_memory" 2 15, 3 1 0, S_0x5d5b35457b70;
 .timescale 0 0;
    .port_info 0 /INPUT 8 "A";
    .port_info 1 /INPUT 32 "writeData";
    .port_info 2 /INPUT 1 "clk";
    .port_info 3 /INPUT 1 "writeEnable";
    .port_info 4 /OUTPUT 32 "RD";
P_0x5d5b35440ec0 .param/l "ADDR_WIDTH" 0 3 2, +C4<00000000000000000000000000001000>;
P_0x5d5b35440f00 .param/l "DEPTH" 0 3 3, +C4<00000000000000000000000100000000>;
L_0x5d5b35444d10 .functor BUFZ 32, L_0x5d5b35477480, C4<00000000000000000000000000000000>, C4<00000000000000000000000000000000>, C4<00000000000000000000000000000000>;
v0x5d5b35444eb0_0 .net "A", 7 0, v0x5d5b35477090_0;  1 drivers
v0x5d5b35445890_0 .net "RD", 31 0, L_0x5d5b35444d10;  alias, 1 drivers
v0x5d5b354468e0_0 .net *"_ivl_0", 31 0, L_0x5d5b35477480;  1 drivers
v0x5d5b35446e80_0 .net *"_ivl_2", 9 0, L_0x5d5b35477580;  1 drivers
L_0x79956bf57018 .functor BUFT 1, C4<00>, C4<0>, C4<0>, C4<0>;
v0x5d5b35448d30_0 .net *"_ivl_5", 1 0, L_0x79956bf57018;  1 drivers
v0x5d5b354492d0_0 .net "clk", 0 0, v0x5d5b35477210_0;  1 drivers
v0x5d5b35476cb0 .array "data_memory", 255 0, 31 0;
v0x5d5b35476d70_0 .var/i "i", 31 0;
v0x5d5b35476e50_0 .net "writeData", 31 0, v0x5d5b35477310_0;  1 drivers
v0x5d5b35476f30_0 .net "writeEnable", 0 0, v0x5d5b354773e0_0;  1 drivers
E_0x5d5b354567f0 .event posedge, v0x5d5b354492d0_0;
L_0x5d5b35477480 .array/port v0x5d5b35476cb0, L_0x5d5b35477580;
L_0x5d5b35477580 .concat [ 8 2 0 0], v0x5d5b35477090_0, L_0x79956bf57018;
    .scope S_0x5d5b35457d00;
T_0 ;
    %wait E_0x5d5b354567f0;
    %load/vec4 v0x5d5b35476f30_0;
    %flag_set/vec4 8;
    %jmp/0xz  T_0.0, 8;
    %load/vec4 v0x5d5b35476e50_0;
    %load/vec4 v0x5d5b35444eb0_0;
    %pad/u 10;
    %ix/vec4 3;
    %ix/load 4, 0, 0; Constant delay
    %assign/vec4/a/d v0x5d5b35476cb0, 0, 4;
T_0.0 ;
    %jmp T_0;
    .thread T_0;
    .scope S_0x5d5b35457d00;
T_1 ;
    %pushi/vec4 0, 0, 32;
    %store/vec4 v0x5d5b35476d70_0, 0, 32;
T_1.0 ;
    %load/vec4 v0x5d5b35476d70_0;
    %cmpi/s 256, 0, 32;
    %jmp/0xz T_1.1, 5;
    %pushi/vec4 0, 0, 32;
    %ix/getv/s 4, v0x5d5b35476d70_0;
    %store/vec4a v0x5d5b35476cb0, 4, 0;
    %load/vec4 v0x5d5b35476d70_0;
    %addi 1, 0, 32;
    %store/vec4 v0x5d5b35476d70_0, 0, 32;
    %jmp T_1.0;
T_1.1 ;
    %end;
    .thread T_1;
    .scope S_0x5d5b35457b70;
T_2 ;
    %delay 5000, 0;
    %load/vec4 v0x5d5b35477210_0;
    %inv;
    %store/vec4 v0x5d5b35477210_0, 0, 1;
    %jmp T_2;
    .thread T_2;
    .scope S_0x5d5b35457b70;
T_3 ;
    %pushi/vec4 0, 0, 1;
    %store/vec4 v0x5d5b35477210_0, 0, 1;
    %pushi/vec4 0, 0, 1;
    %store/vec4 v0x5d5b354773e0_0, 0, 1;
    %pushi/vec4 0, 0, 8;
    %store/vec4 v0x5d5b35477090_0, 0, 8;
    %pushi/vec4 0, 0, 32;
    %store/vec4 v0x5d5b35477310_0, 0, 32;
    %vpi_call 2 32 "$display", "===== PARAMETERIZED MEMORY TEST =====" {0 0 0};
    %wait E_0x5d5b35456390;
    %pushi/vec4 5, 0, 8;
    %store/vec4 v0x5d5b35477090_0, 0, 8;
    %pushi/vec4 2863289685, 0, 32;
    %store/vec4 v0x5d5b35477310_0, 0, 32;
    %pushi/vec4 1, 0, 1;
    %store/vec4 v0x5d5b354773e0_0, 0, 1;
    %wait E_0x5d5b35456390;
    %pushi/vec4 0, 0, 1;
    %store/vec4 v0x5d5b354773e0_0, 0, 1;
    %delay 1000, 0;
    %load/vec4 v0x5d5b35477170_0;
    %cmpi/e 2863289685, 0, 32;
    %jmp/0xz  T_3.0, 4;
    %vpi_call 2 47 "$display", "PASS: addr 5 write/read" {0 0 0};
    %jmp T_3.1;
T_3.0 ;
    %vpi_call 2 49 "$display", "FAIL: RD = %h", v0x5d5b35477170_0 {0 0 0};
T_3.1 ;
    %wait E_0x5d5b35456390;
    %pushi/vec4 100, 0, 8;
    %store/vec4 v0x5d5b35477090_0, 0, 8;
    %pushi/vec4 305419896, 0, 32;
    %store/vec4 v0x5d5b35477310_0, 0, 32;
    %pushi/vec4 1, 0, 1;
    %store/vec4 v0x5d5b354773e0_0, 0, 1;
    %wait E_0x5d5b35456390;
    %pushi/vec4 0, 0, 1;
    %store/vec4 v0x5d5b354773e0_0, 0, 1;
    %delay 1000, 0;
    %load/vec4 v0x5d5b35477170_0;
    %cmpi/e 305419896, 0, 32;
    %jmp/0xz  T_3.2, 4;
    %vpi_call 2 64 "$display", "PASS: addr 100 write/read" {0 0 0};
    %jmp T_3.3;
T_3.2 ;
    %vpi_call 2 66 "$display", "FAIL: RD = %h", v0x5d5b35477170_0 {0 0 0};
T_3.3 ;
    %pushi/vec4 5, 0, 8;
    %store/vec4 v0x5d5b35477090_0, 0, 8;
    %delay 1000, 0;
    %load/vec4 v0x5d5b35477170_0;
    %cmpi/e 2863289685, 0, 32;
    %jmp/0xz  T_3.4, 4;
    %vpi_call 2 74 "$display", "PASS: retention check" {0 0 0};
    %jmp T_3.5;
T_3.4 ;
    %vpi_call 2 76 "$display", "FAIL: corrupted memory" {0 0 0};
T_3.5 ;
    %wait E_0x5d5b35456390;
    %pushi/vec4 5, 0, 8;
    %store/vec4 v0x5d5b35477090_0, 0, 8;
    %pushi/vec4 3405691582, 0, 32;
    %store/vec4 v0x5d5b35477310_0, 0, 32;
    %pushi/vec4 1, 0, 1;
    %store/vec4 v0x5d5b354773e0_0, 0, 1;
    %wait E_0x5d5b35456390;
    %pushi/vec4 0, 0, 1;
    %store/vec4 v0x5d5b354773e0_0, 0, 1;
    %delay 1000, 0;
    %load/vec4 v0x5d5b35477170_0;
    %cmpi/e 3405691582, 0, 32;
    %jmp/0xz  T_3.6, 4;
    %vpi_call 2 91 "$display", "PASS: overwrite test" {0 0 0};
    %jmp T_3.7;
T_3.6 ;
    %vpi_call 2 93 "$display", "FAIL: overwrite failed" {0 0 0};
T_3.7 ;
    %pushi/vec4 10, 0, 32;
T_3.8 %dup/vec4;
    %pushi/vec4 0, 0, 32;
    %cmp/s;
    %jmp/1xz T_3.9, 5;
    %jmp/1 T_3.9, 4;
    %pushi/vec4 1, 0, 32;
    %sub;
    %wait E_0x5d5b35456390;
    %vpi_func 2 100 "$random" 32 {0 0 0};
    %pushi/vec4 256, 0, 32;
    %mod/s;
    %pad/s 8;
    %store/vec4 v0x5d5b35477090_0, 0, 8;
    %vpi_func 2 101 "$random" 32 {0 0 0};
    %store/vec4 v0x5d5b35477310_0, 0, 32;
    %pushi/vec4 1, 0, 1;
    %store/vec4 v0x5d5b354773e0_0, 0, 1;
    %jmp T_3.8;
T_3.9 ;
    %pop/vec4 1;
    %pushi/vec4 0, 0, 1;
    %store/vec4 v0x5d5b354773e0_0, 0, 1;
    %vpi_call 2 107 "$display", "===== RANDOM TEST DONE =====" {0 0 0};
    %delay 10000, 0;
    %vpi_call 2 110 "$finish" {0 0 0};
    %end;
    .thread T_3;
# The file index is used to find the file name in the following table.
:file_names 4;
    "N/A";
    "<interactive>";
    ".//tb_data_memory.v";
    ".//data_memory.v";
